<?xml version="1.0" encoding="UTF-8"?>
<testsuite xmlns:xsi="http://www.w3.org/2001/XMLSchema-instance" xsi:noNamespaceSchemaLocation="https://maven.apache.org/surefire/maven-surefire-plugin/xsd/surefire-test-report-3.0.xsd" version="3.0" name="dao.ToDoDaoImplTest" time="1.373" tests="5" errors="0" skipped="0" failures="0">
  <properties>
[...]
</properties>
  <testcase name="updateToDoIT" classname="dao.ToDoDaoImplTest" time="0.588"/>
  <testcase name="deleteToDoIT" classname="dao.ToDoDaoImplTest" time="0.369"/>
  <testcase name="getAllToDosIT" classname="dao.ToDoDaoImplTest" time="0.109"/>
  <testcase name="createToDoIT" classname="dao.ToDoDaoImplTest" time="0.096"/>
  <testcase name="getOneToDoIT" classname="dao.ToDoDaoImplTest" time="0.113"/>
</testsuite>